<?xml version="1.0" encoding="UTF-8"?>
<testng-results ignored="0" total="1" passed="1" failed="0" skipped="0">
  <reporter-output>
  </reporter-output>
  <suite started-at="2023-09-11T21:27:46 PDT" name="Default suite" finished-at="2023-09-11T21:28:08 PDT" duration-ms="21870">
    <groups>
    </groups>
    <test started-at="2023-09-11T21:27:46 PDT" name="Default test" finished-at="2023-09-11T21:28:08 PDT" duration-ms="21870">
      <class name="tests.LoginTest">
        <test-method is-config="true" signature="beforeTest()[pri:0, instance:tests.LoginTest@47747fb9]" started-at="2023-09-11T21:27:46 PDT" name="beforeTest" finished-at="2023-09-11T21:28:07 PDT" duration-ms="20261" status="PASS">
          <reporter-output>
          </reporter-output>
        </test-method> <!-- beforeTest -->
        <test-method signature="login()[pri:0, instance:tests.LoginTest@47747fb9]" started-at="2023-09-11T21:28:07 PDT" name="login" finished-at="2023-09-11T21:28:08 PDT" duration-ms="1158" status="PASS">
          <reporter-output>
          </reporter-output>
        </test-method> <!-- login -->
        <test-method is-config="true" signature="afterTest()[pri:0, instance:tests.LoginTest@47747fb9]" started-at="2023-09-11T21:28:08 PDT" name="afterTest" finished-at="2023-09-11T21:28:08 PDT" duration-ms="391" status="PASS">
          <reporter-output>
          </reporter-output>
        </test-method> <!-- afterTest -->
      </class> <!-- tests.LoginTest -->
    </test> <!-- Default test -->
  </suite> <!-- Default suite -->
</testng-results>
